# JRE version: OpenJDK Runtime Environment (8.0_275-b01) (build 1.8.0_275-8u275-b01-0ubuntu1~18.04-b01)
# Java VM: OpenJDK 64-Bit Server VM (25.275-b01 mixed mode linux-amd64 compressed oops)
Heap:
 PSYoungGen      total 75264K, used 5616K [0x00000000f5980000, 0x00000000fa880000, 0x0000000100000000)
  eden space 69632K, 0% used [0x00000000f5980000,0x00000000f5980000,0x00000000f9d80000)
  from space 5632K, 99% used [0x00000000f9d80000,0x00000000fa2fc238,0x00000000fa300000)
  to   space 5632K, 0% used [0x00000000fa300000,0x00000000fa300000,0x00000000fa880000)
 ParOldGen       total 22016K, used 11591K [0x00000000e0c00000, 0x00000000e2180000, 0x00000000f5980000)
  object space 22016K, 52% used [0x00000000e0c00000,0x00000000e1751cd0,0x00000000e2180000)
 Metaspace       used 20613K, capacity 21090K, committed 21296K, reserved 1069056K
  class space    used 2531K, capacity 2643K, committed 2688K, reserved 1048576K
GC Heap History (10 events):
Event: 1.046 GC heap after
Heap after GC invocations=2 (full 0):
 PSYoungGen      total 18432K, used 992K [0x00000000f5980000, 0x00000000f6c80000, 0x0000000100000000)
  eden space 17408K, 0% used [0x00000000f5980000,0x00000000f5980000,0x00000000f6a80000)
  from space 1024K, 96% used [0x00000000f6b80000,0x00000000f6c78020,0x00000000f6c80000)
  to   space 1024K, 0% used [0x00000000f6a80000,0x00000000f6a80000,0x00000000f6b80000)
 ParOldGen       total 22016K, used 2235K [0x00000000e0c00000, 0x00000000e2180000, 0x00000000f5980000)
  object space 22016K, 10% used [0x00000000e0c00000,0x00000000e0e2edf8,0x00000000e2180000)
 Metaspace       used 6731K, capacity 6908K, committed 7040K, reserved 1056768K
  class space    used 784K, capacity 856K, committed 896K, reserved 1048576K
}
Event: 1.705 GC heap before
{Heap before GC invocations=3 (full 0):
 PSYoungGen      total 18432K, used 18400K [0x00000000f5980000, 0x00000000f6c80000, 0x0000000100000000)
  eden space 17408K, 100% used [0x00000000f5980000,0x00000000f6a80000,0x00000000f6a80000)
  from space 1024K, 96% used [0x00000000f6b80000,0x00000000f6c78020,0x00000000f6c80000)
  to   space 1024K, 0% used [0x00000000f6a80000,0x00000000f6a80000,0x00000000f6b80000)
 ParOldGen       total 22016K, used 2235K [0x00000000e0c00000, 0x00000000e2180000, 0x00000000f5980000)
  object space 22016K, 10% used [0x00000000e0c00000,0x00000000e0e2edf8,0x00000000e2180000)
 Metaspace       used 8078K, capacity 8220K, committed 8320K, reserved 1056768K
  class space    used 1010K, capacity 1080K, committed 1152K, reserved 1048576K
Event: 1.725 GC heap after
Heap after GC invocations=3 (full 0):
 PSYoungGen      total 18432K, used 1024K [0x00000000f5980000, 0x00000000f7d80000, 0x0000000100000000)
  eden space 17408K, 0% used [0x00000000f5980000,0x00000000f5980000,0x00000000f6a80000)
  from space 1024K, 100% used [0x00000000f6a80000,0x00000000f6b80000,0x00000000f6b80000)
  to   space 1024K, 0% used [0x00000000f7c80000,0x00000000f7c80000,0x00000000f7d80000)
 ParOldGen       total 22016K, used 3698K [0x00000000e0c00000, 0x00000000e2180000, 0x00000000f5980000)
  object space 22016K, 16% used [0x00000000e0c00000,0x00000000e0f9c960,0x00000000e2180000)
 Metaspace       used 8078K, capacity 8220K, committed 8320K, reserved 1056768K
  class space    used 1010K, capacity 1080K, committed 1152K, reserved 1048576K
}
Event: 2.361 GC heap before
{Heap before GC invocations=4 (full 0):
 PSYoungGen      total 18432K, used 18432K [0x00000000f5980000, 0x00000000f7d80000, 0x0000000100000000)
  eden space 17408K, 100% used [0x00000000f5980000,0x00000000f6a80000,0x00000000f6a80000)
  from space 1024K, 100% used [0x00000000f6a80000,0x00000000f6b80000,0x00000000f6b80000)
  to   space 1024K, 0% used [0x00000000f7c80000,0x00000000f7c80000,0x00000000f7d80000)
 ParOldGen       total 22016K, used 3698K [0x00000000e0c00000, 0x00000000e2180000, 0x00000000f5980000)
  object space 22016K, 16% used [0x00000000e0c00000,0x00000000e0f9c960,0x00000000e2180000)
 Metaspace       used 9844K, capacity 9972K, committed 9984K, reserved 1058816K
  class space    used 1215K, capacity 1277K, committed 1280K, reserved 1048576K
Event: 2.377 GC heap after
Heap after GC invocations=4 (full 0):
 PSYoungGen      total 35840K, used 1024K [0x00000000f5980000, 0x00000000f7d80000, 0x0000000100000000)
  eden space 34816K, 0% used [0x00000000f5980000,0x00000000f5980000,0x00000000f7b80000)
  from space 1024K, 100% used [0x00000000f7c80000,0x00000000f7d80000,0x00000000f7d80000)
  to   space 1024K, 0% used [0x00000000f7b80000,0x00000000f7b80000,0x00000000f7c80000)
 ParOldGen       total 22016K, used 6169K [0x00000000e0c00000, 0x00000000e2180000, 0x00000000f5980000)
  object space 22016K, 28% used [0x00000000e0c00000,0x00000000e12065b0,0x00000000e2180000)
 Metaspace       used 9844K, capacity 9972K, committed 9984K, reserved 1058816K
  class space    used 1215K, capacity 1277K, committed 1280K, reserved 1048576K
}
Event: 3.956 GC heap before
{Heap before GC invocations=5 (full 0):
 PSYoungGen      total 35840K, used 35840K [0x00000000f5980000, 0x00000000f7d80000, 0x0000000100000000)
  eden space 34816K, 100% used [0x00000000f5980000,0x00000000f7b80000,0x00000000f7b80000)
  from space 1024K, 100% used [0x00000000f7c80000,0x00000000f7d80000,0x00000000f7d80000)
  to   space 1024K, 0% used [0x00000000f7b80000,0x00000000f7b80000,0x00000000f7c80000)
 ParOldGen       total 22016K, used 6169K [0x00000000e0c00000, 0x00000000e2180000, 0x00000000f5980000)
  object space 22016K, 28% used [0x00000000e0c00000,0x00000000e12065b0,0x00000000e2180000)
 Metaspace       used 13277K, capacity 13492K, committed 13824K, reserved 1060864K
  class space    used 1678K, capacity 1766K, committed 1792K, reserved 1048576K
Event: 3.969 GC heap after
Heap after GC invocations=5 (full 0):
 PSYoungGen      total 35840K, used 1008K [0x00000000f5980000, 0x00000000fa880000, 0x0000000100000000)
  eden space 34816K, 0% used [0x00000000f5980000,0x00000000f5980000,0x00000000f7b80000)
  from space 1024K, 98% used [0x00000000f7b80000,0x00000000f7c7c010,0x00000000f7c80000)
  to   space 5632K, 0% used [0x00000000fa300000,0x00000000fa300000,0x00000000fa880000)
 ParOldGen       total 22016K, used 10556K [0x00000000e0c00000, 0x00000000e2180000, 0x00000000f5980000)
  object space 22016K, 47% used [0x00000000e0c00000,0x00000000e164f140,0x00000000e2180000)
 Metaspace       used 13277K, capacity 13492K, committed 13824K, reserved 1060864K
  class space    used 1678K, capacity 1766K, committed 1792K, reserved 1048576K
}
Event: 6.173 GC heap before
{Heap before GC invocations=6 (full 0):
 PSYoungGen      total 35840K, used 35824K [0x00000000f5980000, 0x00000000fa880000, 0x0000000100000000)
  eden space 34816K, 100% used [0x00000000f5980000,0x00000000f7b80000,0x00000000f7b80000)
  from space 1024K, 98% used [0x00000000f7b80000,0x00000000f7c7c010,0x00000000f7c80000)
  to   space 5632K, 0% used [0x00000000fa300000,0x00000000fa300000,0x00000000fa880000)
 ParOldGen       total 22016K, used 10556K [0x00000000e0c00000, 0x00000000e2180000, 0x00000000f5980000)
  object space 22016K, 47% used [0x00000000e0c00000,0x00000000e164f140,0x00000000e2180000)
 Metaspace       used 16533K, capacity 16830K, committed 17280K, reserved 1064960K
  class space    used 2018K, capacity 2099K, committed 2176K, reserved 1048576K
Event: 6.203 GC heap after
Heap after GC invocations=6 (full 0):
 PSYoungGen      total 75264K, used 4064K [0x00000000f5980000, 0x00000000fa880000, 0x0000000100000000)
  eden space 69632K, 0% used [0x00000000f5980000,0x00000000f5980000,0x00000000f9d80000)
  from space 5632K, 72% used [0x00000000fa300000,0x00000000fa6f80d8,0x00000000fa880000)
  to   space 5632K, 0% used [0x00000000f9d80000,0x00000000f9d80000,0x00000000fa300000)
 ParOldGen       total 22016K, used 10564K [0x00000000e0c00000, 0x00000000e2180000, 0x00000000f5980000)
  object space 22016K, 47% used [0x00000000e0c00000,0x00000000e1651140,0x00000000e2180000)
 Metaspace       used 16533K, capacity 16830K, committed 17280K, reserved 1064960K
  class space    used 2018K, capacity 2099K, committed 2176K, reserved 1048576K
}
Event: 9.628 GC heap before
{Heap before GC invocations=7 (full 0):
 PSYoungGen      total 75264K, used 73676K [0x00000000f5980000, 0x00000000fa880000, 0x0000000100000000)
  eden space 69632K, 99% used [0x00000000f5980000,0x00000000f9d7af58,0x00000000f9d80000)
  from space 5632K, 72% used [0x00000000fa300000,0x00000000fa6f80d8,0x00000000fa880000)
  to   space 5632K, 0% used [0x00000000f9d80000,0x00000000f9d80000,0x00000000fa300000)
 ParOldGen       total 22016K, used 10564K [0x00000000e0c00000, 0x00000000e2180000, 0x00000000f5980000)
  object space 22016K, 47% used [0x00000000e0c00000,0x00000000e1651140,0x00000000e2180000)
 Metaspace       used 20613K, capacity 21090K, committed 21296K, reserved 1069056K
  class space    used 2531K, capacity 2643K, committed 2688K, reserved 1048576K

